<?xml version="1.0" encoding="UTF-8"?>
<testsuite xmlns:xsi="http://www.w3.org/2001/XMLSchema-instance" xsi:noNamespaceSchemaLocation="https://maven.apache.org/surefire/maven-surefire-plugin/xsd/surefire-test-report-3.0.xsd" version="3.0" name="com.pedro.spring.controller.PersonControllerTest" time="1.813" tests="5" errors="0" skipped="0" failures="0">
  <properties>
[...]
</properties>
  <testcase name="get_findAllPeoplesPageable_WhenSuccessFull" classname="com.pedro.spring.controller.PersonControllerTest" time="0.121">
    <system-out><![CDATA[21:59:15.444 [main] INFO org.springframework.test.context.support.AnnotationConfigContextLoaderUtils -- Could not detect default configuration classes for test class [com.pedro.spring.controller.PersonControllerTest]: PersonControllerTest does not declare any static, non-private, non-final, nested classes annotated with @Configuration.
21:59:16.742 [main] INFO org.springframework.boot.test.autoconfigure.jdbc.TestDatabaseAutoConfiguration$EmbeddedDataSourceBeanFactoryPostProcessor -- Replacing 'dataSource' DataSource bean with embedded version
21:59:16.787 [main] INFO org.springframework.jdbc.datasource.embedded.EmbeddedDatabaseFactory -- Starting embedded database: url='jdbc:h2:mem:149158b7-1a54-44b5-92eb-49b3359d32eb;DB_CLOSE_DELAY=-1;DB_CLOSE_ON_EXIT=false', username='sa'
]]></system-out>
  </testcase>
  <testcase name="post_savePerson_WhenSuccessFull" classname="com.pedro.spring.controller.PersonControllerTest" time="0.004"/>
  <testcase name="get_findPersonById_WhenSuccessFull" classname="com.pedro.spring.controller.PersonControllerTest" time="0.003"/>
  <testcase name="put_replacePerson_WhenSuccessFull" classname="com.pedro.spring.controller.PersonControllerTest" time="0.005"/>
  <testcase name="delete_removePersonById_WhenSuccessFull" classname="com.pedro.spring.controller.PersonControllerTest" time="0.003"/>
</testsuite>