<?xml version="1.0" encoding="UTF-8"?>
<testsuite xmlns:xsi="http://www.w3.org/2001/XMLSchema-instance" xsi:noNamespaceSchemaLocation="https://maven.apache.org/surefire/maven-surefire-plugin/xsd/surefire-test-report-3.0.xsd" version="3.0" name="com.pedro.spring.repository.PersonRepositoryTest" time="2.383" tests="5" errors="0" skipped="0" failures="0">
  <properties>
[...]
</properties>
  <testcase name="post_savePerson_WhenSuccessFull" classname="com.pedro.spring.repository.PersonRepositoryTest" time="0.112">
    <system-out><![CDATA[16:36:04.812 [main] INFO org.springframework.test.context.support.AnnotationConfigContextLoaderUtils -- Could not detect default configuration classes for test class [com.pedro.spring.repository.PersonRepositoryTest]: PersonRepositoryTest does not declare any static, non-private, non-final, nested classes annotated with @Configuration.
16:36:04.852 [main] INFO org.springframework.boot.test.context.SpringBootTestContextBootstrapper -- Found @SpringBootConfiguration com.pedro.spring.SpringApiApplication for test class com.pedro.spring.repository.PersonRepositoryTest

  .   ____          _            __ _ _
 /\\ / ___'_ __ _ _(_)_ __  __ _ \ \ \ \
( ( )\___ | '_ | '_| | '_ \/ _` | \ \ \ \
 \\/  ___)| |_)| | | | | || (_| |  ) ) ) )
  '  |____| .__|_| |_|_| |_\__, | / / / /
 =========|_|==============|___/=/_/_/_/
 :: Spring Boot ::                (v3.1.1)

2023-07-21T16:36:05.069-03:00  INFO 8040 --- [           main] c.p.s.repository.PersonRepositoryTest    : Starting PersonRepositoryTest using Java 19.0.1 with PID 8040 (started by Usuario in C:\Users\Usuario\Documents\IntelljProjects\SpringAPI)
2023-07-21T16:36:05.070-03:00  INFO 8040 --- [           main] c.p.s.repository.PersonRepositoryTest    : No active profile set, falling back to 1 default profile: "default"
2023-07-21T16:36:05.277-03:00  INFO 8040 --- [           main] .s.d.r.c.RepositoryConfigurationDelegate : Bootstrapping Spring Data JPA repositories in DEFAULT mode.
2023-07-21T16:36:05.333-03:00  INFO 8040 --- [           main] .s.d.r.c.RepositoryConfigurationDelegate : Finished Spring Data repository scanning in 49 ms. Found 2 JPA repository interfaces.
2023-07-21T16:36:05.387-03:00  INFO 8040 --- [           main] beddedDataSourceBeanFactoryPostProcessor : Replacing 'dataSource' DataSource bean with embedded version
2023-07-21T16:36:05.496-03:00  INFO 8040 --- [           main] o.s.j.d.e.EmbeddedDatabaseFactory        : Starting embedded database: url='jdbc:h2:mem:65d1dc4e-75f0-442b-b69e-592252c123a7;DB_CLOSE_DELAY=-1;DB_CLOSE_ON_EXIT=false', username='sa'
2023-07-21T16:36:05.574-03:00  INFO 8040 --- [           main] o.hibernate.jpa.internal.util.LogHelper  : HHH000204: Processing PersistenceUnitInfo [name: default]
2023-07-21T16:36:05.624-03:00  INFO 8040 --- [           main] org.hibernate.Version                    : HHH000412: Hibernate ORM core version 6.2.5.Final
2023-07-21T16:36:05.626-03:00  INFO 8040 --- [           main] org.hibernate.cfg.Environment            : HHH000406: Using bytecode reflection optimizer
2023-07-21T16:36:05.741-03:00  INFO 8040 --- [           main] o.h.b.i.BytecodeProviderInitiator        : HHH000021: Bytecode provider name : bytebuddy
2023-07-21T16:36:05.751-03:00  INFO 8040 --- [           main] o.s.o.j.p.SpringPersistenceUnitInfo      : No LoadTimeWeaver setup: ignoring JPA class transformer
2023-07-21T16:36:05.955-03:00  INFO 8040 --- [           main] o.h.b.i.BytecodeProviderInitiator        : HHH000021: Bytecode provider name : bytebuddy
2023-07-21T16:36:06.373-03:00  INFO 8040 --- [           main] o.h.e.t.j.p.i.JtaPlatformInitiator       : HHH000490: Using JtaPlatform implementation: [org.hibernate.engine.transaction.jta.platform.internal.NoJtaPlatform]
Hibernate: create table person (id uuid not null, name varchar(255) not null, sexo varchar(255) not null check (sexo in ('M','F')), primary key (id))
Hibernate: create table users (id uuid not null, authorities_list varchar(255) array not null, password varchar(500) not null, username varchar(255) not null, primary key (id))
Hibernate: alter table if exists person drop constraint if exists UK_p0wr4vfyr2lyifm8avi67mqw5
Hibernate: alter table if exists person add constraint UK_p0wr4vfyr2lyifm8avi67mqw5 unique (name)
Hibernate: alter table if exists users drop constraint if exists UK_r43af9ap4edm43mmtq01oddj6
Hibernate: alter table if exists users add constraint UK_r43af9ap4edm43mmtq01oddj6 unique (username)
2023-07-21T16:36:06.419-03:00  INFO 8040 --- [           main] j.LocalContainerEntityManagerFactoryBean : Initialized JPA EntityManagerFactory for persistence unit 'default'
2023-07-21T16:36:06.681-03:00  INFO 8040 --- [           main] o.s.d.j.r.query.QueryEnhancerFactory     : Hibernate is in classpath; If applicable, HQL parser will be used.
2023-07-21T16:36:07.026-03:00  INFO 8040 --- [           main] c.p.s.repository.PersonRepositoryTest    : Started PersonRepositoryTest in 2.146 seconds (process running for 4.566)
Hibernate: insert into person (name,sexo,id) values (?,?,?)
Hibernate: select p1_0.id,p1_0.name,p1_0.sexo from person p1_0
]]></system-out>
  </testcase>
  <testcase name="get_findPersonById_WhenSuccessFull" classname="com.pedro.spring.repository.PersonRepositoryTest" time="0.007"/>
  <testcase name="put_replacePerson_WhenSuccessFull" classname="com.pedro.spring.repository.PersonRepositoryTest" time="0.012">
    <system-out><![CDATA[Hibernate: insert into person (name,sexo,id) values (?,?,?)
Hibernate: update person set name=?,sexo=? where id=?
Hibernate: select p1_0.id,p1_0.name,p1_0.sexo from person p1_0
]]></system-out>
  </testcase>
  <testcase name="delete_removePersonById_WhenSuccessFull" classname="com.pedro.spring.repository.PersonRepositoryTest" time="0.012">
    <system-out><![CDATA[Hibernate: insert into person (name,sexo,id) values (?,?,?)
Hibernate: select p1_0.id,p1_0.name,p1_0.sexo from person p1_0
Hibernate: delete from person where id=?
Hibernate: select p1_0.id,p1_0.name,p1_0.sexo from person p1_0
]]></system-out>
  </testcase>
  <testcase name="list_findPeoplesPageable_WhenSuccessFull" classname="com.pedro.spring.repository.PersonRepositoryTest" time="0.005">
    <system-out><![CDATA[Hibernate: insert into person (name,sexo,id) values (?,?,?)
Hibernate: select p1_0.id,p1_0.name,p1_0.sexo from person p1_0
]]></system-out>
  </testcase>
</testsuite>