<?xml version="1.0" encoding="UTF-8"?>
<testsuite xmlns:xsi="http://www.w3.org/2001/XMLSchema-instance" xsi:noNamespaceSchemaLocation="https://maven.apache.org/surefire/maven-surefire-plugin/xsd/surefire-test-report-3.0.xsd" version="3.0" name="com.pedro.spring.repository.PersonRepositoryTest" time="2.036" tests="5" errors="0" skipped="0" failures="0">
  <properties>
[...]
</properties>
  <testcase name="post_savePerson_WhenSuccessFull" classname="com.pedro.spring.repository.PersonRepositoryTest" time="0.146">
    <system-out><![CDATA[20:21:58.722 [main] INFO org.springframework.test.context.support.AnnotationConfigContextLoaderUtils -- Could not detect default configuration classes for test class [com.pedro.spring.repository.PersonRepositoryTest]: PersonRepositoryTest does not declare any static, non-private, non-final, nested classes annotated with @Configuration.
20:21:58.761 [main] INFO org.springframework.boot.test.context.SpringBootTestContextBootstrapper -- Found @SpringBootConfiguration com.pedro.spring.SpringApiApplication for test class com.pedro.spring.repository.PersonRepositoryTest

  .   ____          _            __ _ _
 /\\ / ___'_ __ _ _(_)_ __  __ _ \ \ \ \
( ( )\___ | '_ | '_| | '_ \/ _` | \ \ \ \
 \\/  ___)| |_)| | | | | || (_| |  ) ) ) )
  '  |____| .__|_| |_|_| |_\__, | / / / /
 =========|_|==============|___/=/_/_/_/
 :: Spring Boot ::                (v3.1.1)

2023-07-18T20:21:58.975-03:00  INFO 11388 --- [           main] c.p.s.repository.PersonRepositoryTest    : Starting PersonRepositoryTest using Java 19.0.1 with PID 11388 (started by Usuario in C:\Users\Usuario\Documents\IntelljProjects\SpringAPI)
2023-07-18T20:21:58.976-03:00  INFO 11388 --- [           main] c.p.s.repository.PersonRepositoryTest    : No active profile set, falling back to 1 default profile: "default"
2023-07-18T20:21:59.173-03:00  INFO 11388 --- [           main] .s.d.r.c.RepositoryConfigurationDelegate : Bootstrapping Spring Data JPA repositories in DEFAULT mode.
2023-07-18T20:21:59.224-03:00  INFO 11388 --- [           main] .s.d.r.c.RepositoryConfigurationDelegate : Finished Spring Data repository scanning in 43 ms. Found 1 JPA repository interfaces.
2023-07-18T20:21:59.268-03:00  INFO 11388 --- [           main] beddedDataSourceBeanFactoryPostProcessor : Replacing 'dataSource' DataSource bean with embedded version
2023-07-18T20:21:59.377-03:00  INFO 11388 --- [           main] o.s.j.d.e.EmbeddedDatabaseFactory        : Starting embedded database: url='jdbc:h2:mem:2311a797-440f-4f8d-967e-b9a5a1a70a18;DB_CLOSE_DELAY=-1;DB_CLOSE_ON_EXIT=false', username='sa'
2023-07-18T20:21:59.453-03:00  INFO 11388 --- [           main] o.hibernate.jpa.internal.util.LogHelper  : HHH000204: Processing PersistenceUnitInfo [name: default]
2023-07-18T20:21:59.514-03:00  INFO 11388 --- [           main] org.hibernate.Version                    : HHH000412: Hibernate ORM core version 6.2.5.Final
2023-07-18T20:21:59.515-03:00  INFO 11388 --- [           main] org.hibernate.cfg.Environment            : HHH000406: Using bytecode reflection optimizer
2023-07-18T20:21:59.641-03:00  INFO 11388 --- [           main] o.h.b.i.BytecodeProviderInitiator        : HHH000021: Bytecode provider name : bytebuddy
2023-07-18T20:21:59.650-03:00  INFO 11388 --- [           main] o.s.o.j.p.SpringPersistenceUnitInfo      : No LoadTimeWeaver setup: ignoring JPA class transformer
2023-07-18T20:21:59.840-03:00  INFO 11388 --- [           main] o.h.b.i.BytecodeProviderInitiator        : HHH000021: Bytecode provider name : bytebuddy
2023-07-18T20:22:00.238-03:00  INFO 11388 --- [           main] o.h.e.t.j.p.i.JtaPlatformInitiator       : HHH000490: Using JtaPlatform implementation: [org.hibernate.engine.transaction.jta.platform.internal.NoJtaPlatform]
Hibernate: create table person (id uuid not null, name varchar(255) not null, sexo varchar(255) not null check (sexo in ('M','F')), primary key (id))
Hibernate: alter table if exists person drop constraint if exists UK_p0wr4vfyr2lyifm8avi67mqw5
Hibernate: alter table if exists person add constraint UK_p0wr4vfyr2lyifm8avi67mqw5 unique (name)
2023-07-18T20:22:00.282-03:00  INFO 11388 --- [           main] j.LocalContainerEntityManagerFactoryBean : Initialized JPA EntityManagerFactory for persistence unit 'default'
2023-07-18T20:22:00.550-03:00  INFO 11388 --- [           main] c.p.s.repository.PersonRepositoryTest    : Started PersonRepositoryTest in 1.764 seconds (process running for 4.127)
Hibernate: insert into person (name,sexo,id) values (?,?,?)
Hibernate: select p1_0.id,p1_0.name,p1_0.sexo from person p1_0
]]></system-out>
  </testcase>
  <testcase name="get_findPersonById_WhenSuccessFull" classname="com.pedro.spring.repository.PersonRepositoryTest" time="0.008"/>
  <testcase name="put_replacePerson_WhenSuccessFull" classname="com.pedro.spring.repository.PersonRepositoryTest" time="0.014">
    <system-out><![CDATA[Hibernate: insert into person (name,sexo,id) values (?,?,?)
Hibernate: update person set name=?,sexo=? where id=?
Hibernate: select p1_0.id,p1_0.name,p1_0.sexo from person p1_0
]]></system-out>
  </testcase>
  <testcase name="delete_removePersonById_WhenSuccessFull" classname="com.pedro.spring.repository.PersonRepositoryTest" time="0.011">
    <system-out><![CDATA[Hibernate: insert into person (name,sexo,id) values (?,?,?)
Hibernate: select p1_0.id,p1_0.name,p1_0.sexo from person p1_0
Hibernate: delete from person where id=?
Hibernate: select p1_0.id,p1_0.name,p1_0.sexo from person p1_0
]]></system-out>
  </testcase>
  <testcase name="list_findPeoplesPageable_WhenSuccessFull" classname="com.pedro.spring.repository.PersonRepositoryTest" time="0.005">
    <system-out><![CDATA[Hibernate: insert into person (name,sexo,id) values (?,?,?)
Hibernate: select p1_0.id,p1_0.name,p1_0.sexo from person p1_0
]]></system-out>
  </testcase>
</testsuite>